app/build/intermediates/manifest_merge_blame_file/debug/manifest-merger-blame-debug-report.txt
1<?xml version="1.0" encoding="utf-8"?>
2<manifest xmlns:android="http://schemas.android.com/apk/res/android"
3    package="com.chintanrathod.resizablerectangle"
4    android:versionCode="1"
5    android:versionName="1.0" >
6
7    <uses-sdk
7-->src/main/AndroidManifest.xml:7:5-9:40
8        android:minSdkVersion="9"
8-->src/main/AndroidManifest.xml:8:9-34
9        android:targetSdkVersion="9" />
9-->src/main/AndroidManifest.xml:9:9-37
10
11    <application
11-->src/main/AndroidManifest.xml:11:5-25:19
12        android:allowBackup="true"
12-->src/main/AndroidManifest.xml:12:9-35
13        android:debuggable="true"
14        android:icon="@drawable/ic_launcher"
14-->src/main/AndroidManifest.xml:13:9-45
15        android:label=""
15-->src/main/AndroidManifest.xml:14:9-25
16        android:testOnly="true"
17        android:theme="@style/AppTheme" >
17-->src/main/AndroidManifest.xml:15:9-40
18        <activity
18-->src/main/AndroidManifest.xml:16:9-24:20
19            android:name="com.chintanrathod.resizablerectangle.ResizableRectangleActivity"
19-->src/main/AndroidManifest.xml:17:13-91
20            android:theme="@style/AppBaseTheme" >
20-->src/main/AndroidManifest.xml:18:15-50
21            <intent-filter>
21-->src/main/AndroidManifest.xml:19:13-23:29
22                <action android:name="android.intent.action.MAIN" />
22-->src/main/AndroidManifest.xml:20:17-69
22-->src/main/AndroidManifest.xml:20:25-66
23
24                <category android:name="android.intent.category.LAUNCHER" />
24-->src/main/AndroidManifest.xml:22:17-77
24-->src/main/AndroidManifest.xml:22:27-74
25            </intent-filter>
26        </activity>
27    </application>
28
29</manifest>